<?xml version="1.0" encoding="UTF-8"?>
<!-- Generated by org.testng.reporters.JUnitReportReporter -->
<testsuite skipped="0" hostname="Adit" name="com.aditpinheiro.happytrip.tests.TC_004" tests="1" failures="0" timestamp="2020-07-06T09:45:57 IST" time="11.132" errors="0">
  <testcase name="login" time="11.132" classname="com.aditpinheiro.happytrip.tests.TC_004"/>
  <system-out/>
</testsuite> <!-- com.aditpinheiro.happytrip.tests.TC_004 -->
